<?xml version="1.0" encoding="UTF-8"?>
<!-- Generated by org.testng.reporters.JUnitReportReporter -->
<testsuite hostname="AELT-MAC660.local" failures="0" tests="1" name="com.qa.web.test.SampleTest" time="6.681" errors="0" timestamp="2023-08-28T10:30:10 GST" skipped="0">
  <testcase classname="com.qa.web.test.SampleTest" name="actionClassImplementation" time="6.681"/>
  <system-out/>
</testsuite> <!-- com.qa.web.test.SampleTest -->
